<?xml version="1.0" encoding="UTF-8"?>
<!-- Generated by org.testng.reporters.JUnitReportReporter -->
<testsuite skipped="1" hostname="DESKTOP-H23J1IJ" name="testCases.FlightsSearch" tests="1" failures="0" timestamp="17 Nov 2020 09:10:26 GMT" time="0.000" errors="0">
  <testcase name="flightsSearch" time="0.000" classname="testCases.FlightsSearch">
    <skipped/>
  </testcase> <!-- flightsSearch -->
</testsuite> <!-- testCases.FlightsSearch -->
